<?xml version='1.0' encoding='UTF-8'?>
<testsuite hostname="nixos" name="quickcheck.QuickCheckBinomialHeap" tests="7" errors="0" failures="0" skipped="0" time="-0.007" timestamp="2020-09-09T21:43:32">
                     <properties>
[...]
</properties>
                     <testcase classname="quickcheck.QuickCheckBinomialHeap" name="gen1" time="-0.001">
                                                 
                                               </testcase><testcase classname="quickcheck.QuickCheckBinomialHeap" name="min1" time="-0.001">
                                                 
                                               </testcase><testcase classname="quickcheck.QuickCheckBinomialHeap" name="min2" time="-0.001">
                                                 
                                               </testcase><testcase classname="quickcheck.QuickCheckBinomialHeap" name="mindel1" time="-0.001">
                                                 
                                               </testcase><testcase classname="quickcheck.QuickCheckBinomialHeap" name="sequence" time="-0.001">
                                                 
                                               </testcase><testcase classname="quickcheck.QuickCheckBinomialHeap" name="comp" time="-0.001">
                                                 
                                               </testcase><testcase classname="quickcheck.QuickCheckBinomialHeap" name="comp" time="-0.001">
                                                 
                                               </testcase>
                     <system-out><![CDATA[]]></system-out>
                     <system-err><![CDATA[]]></system-err>
                   </testsuite>